DRC Error Report
D:/pcb/Duplicate Drill Hole DRC/allegro/dh_item_item_interaction.plus_item_item.drc_only.brd
Sat May  9 11:21:59 2026

DRC Error Count Summary
DRC Error Type,DRC Error Count
Pad to Pad,18
Physical Constraint,6
Manufacturing Constraint,4
Total DRC Errors,28

Detailed DRC Errors
Constraint Name,DRC Marker Location,DRC Subclass,Required Value,Actual Value,Constraint Source,Constraint Source Type,Element 1,Element 2
Duplicate Drill Hole,(150.000 240.000),ALL,FALSE,TRUE,NONE,DESIGN,Via "Dhii_Rnd_025_Pad055  (150.000 240.000) (Dhii_A)",Via "Dhii_Rnd_025_Pad055  (150.000 240.000) (Dhii_A)"
Duplicate Drill Hole,(186.000 240.000),ALL,FALSE,TRUE,NONE,DESIGN,Via "Dhii_Rnd_025_Pad055  (186.000 240.000) (Dhii_A)",Via "Dhii_Rnd_025_Pad055  (186.000 240.000) (Dhii_B)"
Duplicate Drill Hole,(222.000 240.000),ALL,FALSE,TRUE,NONE,DESIGN,Via "Dhii_Slot_025X075  (222.000 240.000) (Not On A Net)",Via "Dhii_Slot_025X075  (222.000 240.000) (Not On A Net)"
Duplicate Drill Hole,(366.000 240.000),ALL,FALSE,TRUE,NONE,DESIGN,Via "Dhii_Rnd_025_Pad090  (366.000 240.000) (Dhii_A)",Via "Dhii_Rnd_025_Pad090  (366.000 240.000) (Dhii_A)"
Pad/Pad Direct Connect,(294.300 240.000),BOTTOM,NOT_ALLOWED,VIAS_VIAS_ONLY,DEFAULT,PHYSICAL CONSTRAINTS,Via "Dhii_Rnd_025_Pad090  (294.000 240.000) (Dhii_A)",Via "Dhii_Rnd_025_Pad090  (294.300 240.000) (Dhii_A)"
Pad/Pad Direct Connect,(294.300 240.000),GND,NOT_ALLOWED,VIAS_VIAS_ONLY,DEFAULT,PHYSICAL CONSTRAINTS,Via "Dhii_Rnd_025_Pad090  (294.000 240.000) (Dhii_A)",Via "Dhii_Rnd_025_Pad090  (294.300 240.000) (Dhii_A)"
Pad/Pad Direct Connect,(294.300 240.000),INNER1,NOT_ALLOWED,VIAS_VIAS_ONLY,DEFAULT,PHYSICAL CONSTRAINTS,Via "Dhii_Rnd_025_Pad090  (294.000 240.000) (Dhii_A)",Via "Dhii_Rnd_025_Pad090  (294.300 240.000) (Dhii_A)"
Pad/Pad Direct Connect,(294.300 240.000),INNER2,NOT_ALLOWED,VIAS_VIAS_ONLY,DEFAULT,PHYSICAL CONSTRAINTS,Via "Dhii_Rnd_025_Pad090  (294.000 240.000) (Dhii_A)",Via "Dhii_Rnd_025_Pad090  (294.300 240.000) (Dhii_A)"
Pad/Pad Direct Connect,(294.300 240.000),POWER,NOT_ALLOWED,VIAS_VIAS_ONLY,DEFAULT,PHYSICAL CONSTRAINTS,Via "Dhii_Rnd_025_Pad090  (294.000 240.000) (Dhii_A)",Via "Dhii_Rnd_025_Pad090  (294.300 240.000) (Dhii_A)"
Pad/Pad Direct Connect,(294.300 240.000),TOP,NOT_ALLOWED,VIAS_VIAS_ONLY,DEFAULT,PHYSICAL CONSTRAINTS,Via "Dhii_Rnd_025_Pad090  (294.000 240.000) (Dhii_A)",Via "Dhii_Rnd_025_Pad090  (294.300 240.000) (Dhii_A)"
Thru Via to Thru Via Spacing,(186.275 240.000),BOTTOM,0.2 MM,OVERLAP,DEFAULT,NET SPACING CONSTRAINTS,Via "Dhii_Rnd_025_Pad055  (186.000 240.000) (Dhii_A)",Via "Dhii_Rnd_025_Pad055  (186.000 240.000) (Dhii_B)"
Thru Via to Thru Via Spacing,(186.275 240.000),GND,0.2 MM,OVERLAP,DEFAULT,NET SPACING CONSTRAINTS,Via "Dhii_Rnd_025_Pad055  (186.000 240.000) (Dhii_A)",Via "Dhii_Rnd_025_Pad055  (186.000 240.000) (Dhii_B)"
Thru Via to Thru Via Spacing,(186.275 240.000),INNER1,0.2 MM,OVERLAP,DEFAULT,NET SPACING CONSTRAINTS,Via "Dhii_Rnd_025_Pad055  (186.000 240.000) (Dhii_A)",Via "Dhii_Rnd_025_Pad055  (186.000 240.000) (Dhii_B)"
Thru Via to Thru Via Spacing,(186.275 240.000),INNER2,0.2 MM,OVERLAP,DEFAULT,NET SPACING CONSTRAINTS,Via "Dhii_Rnd_025_Pad055  (186.000 240.000) (Dhii_A)",Via "Dhii_Rnd_025_Pad055  (186.000 240.000) (Dhii_B)"
Thru Via to Thru Via Spacing,(186.275 240.000),POWER,0.2 MM,OVERLAP,DEFAULT,NET SPACING CONSTRAINTS,Via "Dhii_Rnd_025_Pad055  (186.000 240.000) (Dhii_A)",Via "Dhii_Rnd_025_Pad055  (186.000 240.000) (Dhii_B)"
Thru Via to Thru Via Spacing,(186.275 240.000),TOP,0.2 MM,OVERLAP,DEFAULT,NET SPACING CONSTRAINTS,Via "Dhii_Rnd_025_Pad055  (186.000 240.000) (Dhii_A)",Via "Dhii_Rnd_025_Pad055  (186.000 240.000) (Dhii_B)"
Thru Via to Thru Via Spacing,(222.000 240.000),BOTTOM,0.2 MM,OVERLAP,DEFAULT,NET SPACING CONSTRAINTS,Via "Dhii_Slot_025X075  (222.000 240.000) (Not On A Net)",Via "Dhii_Slot_025X075  (222.000 240.000) (Not On A Net)"
Thru Via to Thru Via Spacing,(222.000 240.000),GND,0.2 MM,OVERLAP,DEFAULT,NET SPACING CONSTRAINTS,Via "Dhii_Slot_025X075  (222.000 240.000) (Not On A Net)",Via "Dhii_Slot_025X075  (222.000 240.000) (Not On A Net)"
Thru Via to Thru Via Spacing,(222.000 240.000),INNER1,0.2 MM,OVERLAP,DEFAULT,NET SPACING CONSTRAINTS,Via "Dhii_Slot_025X075  (222.000 240.000) (Not On A Net)",Via "Dhii_Slot_025X075  (222.000 240.000) (Not On A Net)"
Thru Via to Thru Via Spacing,(222.000 240.000),INNER2,0.2 MM,OVERLAP,DEFAULT,NET SPACING CONSTRAINTS,Via "Dhii_Slot_025X075  (222.000 240.000) (Not On A Net)",Via "Dhii_Slot_025X075  (222.000 240.000) (Not On A Net)"
Thru Via to Thru Via Spacing,(222.000 240.000),POWER,0.2 MM,OVERLAP,DEFAULT,NET SPACING CONSTRAINTS,Via "Dhii_Slot_025X075  (222.000 240.000) (Not On A Net)",Via "Dhii_Slot_025X075  (222.000 240.000) (Not On A Net)"
Thru Via to Thru Via Spacing,(222.000 240.000),TOP,0.2 MM,OVERLAP,DEFAULT,NET SPACING CONSTRAINTS,Via "Dhii_Slot_025X075  (222.000 240.000) (Not On A Net)",Via "Dhii_Slot_025X075  (222.000 240.000) (Not On A Net)"
Thru Via to Thru Via Spacing,(258.150 240.424),BOTTOM,0.2 MM,OVERLAP,DEFAULT,NET SPACING CONSTRAINTS,Via "Dhii_Rnd_025_Pad090  (258.000 240.000) (Dhii_A)",Via "Dhii_Rnd_025_Pad090  (258.300 240.000) (Dhii_B)"
Thru Via to Thru Via Spacing,(258.150 240.424),GND,0.2 MM,OVERLAP,DEFAULT,NET SPACING CONSTRAINTS,Via "Dhii_Rnd_025_Pad090  (258.000 240.000) (Dhii_A)",Via "Dhii_Rnd_025_Pad090  (258.300 240.000) (Dhii_B)"
Thru Via to Thru Via Spacing,(258.150 240.424),INNER1,0.2 MM,OVERLAP,DEFAULT,NET SPACING CONSTRAINTS,Via "Dhii_Rnd_025_Pad090  (258.000 240.000) (Dhii_A)",Via "Dhii_Rnd_025_Pad090  (258.300 240.000) (Dhii_B)"
Thru Via to Thru Via Spacing,(258.150 240.424),INNER2,0.2 MM,OVERLAP,DEFAULT,NET SPACING CONSTRAINTS,Via "Dhii_Rnd_025_Pad090  (258.000 240.000) (Dhii_A)",Via "Dhii_Rnd_025_Pad090  (258.300 240.000) (Dhii_B)"
Thru Via to Thru Via Spacing,(258.150 240.424),POWER,0.2 MM,OVERLAP,DEFAULT,NET SPACING CONSTRAINTS,Via "Dhii_Rnd_025_Pad090  (258.000 240.000) (Dhii_A)",Via "Dhii_Rnd_025_Pad090  (258.300 240.000) (Dhii_B)"
Thru Via to Thru Via Spacing,(258.150 240.424),TOP,0.2 MM,OVERLAP,DEFAULT,NET SPACING CONSTRAINTS,Via "Dhii_Rnd_025_Pad090  (258.000 240.000) (Dhii_A)",Via "Dhii_Rnd_025_Pad090  (258.300 240.000) (Dhii_B)"

